{"uid":"3535ae59821f20b5","name":"test_github","fullName":"tests.test_selene#test_github","historyId":"5167f7c71535600a353c42dca9c39857","time":{"start":1713529392209,"stop":1713529392383,"duration":174},"status":"broken","statusMessage":"selenium.common.exceptions.SessionNotCreatedException: Message: session not created: Chrome failed to start: exited normally.\n  (session not created: DevToolsActivePort file doesn't exist)\n  (The process started from chrome location /usr/bin/google-chrome is no longer running, so ChromeDriver is assuming that Chrome has crashed.)\nStacktrace:\n#0 0x55c20265d863 <unknown>\n#1 0x55c2023538c6 <unknown>\n#2 0x55c202387d34 <unknown>\n#3 0x55c202383d3d <unknown>\n#4 0x55c2023ccaed <unknown>\n#5 0x55c2023c0343 <unknown>\n#6 0x55c202391593 <unknown>\n#7 0x55c202391f5e <unknown>\n#8 0x55c20262184b <unknown>\n#9 0x55c2026257a5 <unknown>\n#10 0x55c20260f571 <unknown>\n#11 0x55c202626332 <unknown>\n#12 0x55c2025f487f <unknown>\n#13 0x55c20264c728 <unknown>\n#14 0x55c20264c8fb <unknown>\n#15 0x55c20265c9b4 <unknown>\n#16 0x7f0afce94ac3 <unknown>","statusTrace":"browser_management = None\n\n    def test_github(browser_management):\n>       browser.open(\"https://github.com\")\n\ntests/test_selene.py:8: \n_ _ _ _ _ _ _ _ _ _ _ _ _ _ _ _ _ _ _ _ _ _ _ _ _ _ _ _ _ _ _ _ _ _ _ _ _ _ _ _ \n/opt/hostedtoolcache/Python/3.12.3/x64/lib/python3.12/site-packages/selene/core/_browser.py:93: in open\n    self.config._executor.get_url(relative_or_absolute_url)\n/opt/hostedtoolcache/Python/3.12.3/x64/lib/python3.12/site-packages/selene/core/configuration.py:263: in get_url\n    self.config._driver_get_url_strategy(self.config)(url)\n/opt/hostedtoolcache/Python/3.12.3/x64/lib/python3.12/site-packages/selene/core/configuration.py:178: in get\n    driver = config.driver\n/opt/hostedtoolcache/Python/3.12.3/x64/lib/python3.12/site-packages/selene/core/configuration.py:305: in __get__\n    driver = config.build_driver_strategy(config)\n/opt/hostedtoolcache/Python/3.12.3/x64/lib/python3.12/site-packages/selene/core/configuration.py:129: in _build_local_driver_by_name_or_remote_by_url_and_options\n    return {  # type: ignore\n/opt/hostedtoolcache/Python/3.12.3/x64/lib/python3.12/site-packages/selene/core/configuration.py:66: in build_chrome\n    return Chrome(\n/opt/hostedtoolcache/Python/3.12.3/x64/lib/python3.12/site-packages/selenium/webdriver/chrome/webdriver.py:45: in __init__\n    super().__init__(\n/opt/hostedtoolcache/Python/3.12.3/x64/lib/python3.12/site-packages/selenium/webdriver/chromium/webdriver.py:61: in __init__\n    super().__init__(command_executor=executor, options=options)\n/opt/hostedtoolcache/Python/3.12.3/x64/lib/python3.12/site-packages/selenium/webdriver/remote/webdriver.py:208: in __init__\n    self.start_session(capabilities)\n/opt/hostedtoolcache/Python/3.12.3/x64/lib/python3.12/site-packages/selenium/webdriver/remote/webdriver.py:292: in start_session\n    response = self.execute(Command.NEW_SESSION, caps)[\"value\"]\n/opt/hostedtoolcache/Python/3.12.3/x64/lib/python3.12/site-packages/selenium/webdriver/remote/webdriver.py:347: in execute\n    self.error_handler.check_response(response)\n_ _ _ _ _ _ _ _ _ _ _ _ _ _ _ _ _ _ _ _ _ _ _ _ _ _ _ _ _ _ _ _ _ _ _ _ _ _ _ _ \n\nself = <selenium.webdriver.remote.errorhandler.ErrorHandler object at 0x7fc19c658ce0>\nresponse = {'status': 500, 'value': '{\"value\":{\"error\":\"session not created\",\"message\":\"session not created: Chrome failed to sta...\\\\n#14 0x55c20264c8fb \\\\u003Cunknown>\\\\n#15 0x55c20265c9b4 \\\\u003Cunknown>\\\\n#16 0x7f0afce94ac3 \\\\u003Cunknown>\\\\n\"}}'}\n\n    def check_response(self, response: Dict[str, Any]) -> None:\n        \"\"\"Checks that a JSON response from the WebDriver does not have an\n        error.\n    \n        :Args:\n         - response - The JSON response from the WebDriver server as a dictionary\n           object.\n    \n        :Raises: If the response contains an error message.\n        \"\"\"\n        status = response.get(\"status\", None)\n        if not status or status == ErrorCode.SUCCESS:\n            return\n        value = None\n        message = response.get(\"message\", \"\")\n        screen: str = response.get(\"screen\", \"\")\n        stacktrace = None\n        if isinstance(status, int):\n            value_json = response.get(\"value\", None)\n            if value_json and isinstance(value_json, str):\n                import json\n    \n                try:\n                    value = json.loads(value_json)\n                    if len(value) == 1:\n                        value = value[\"value\"]\n                    status = value.get(\"error\", None)\n                    if not status:\n                        status = value.get(\"status\", ErrorCode.UNKNOWN_ERROR)\n                        message = value.get(\"value\") or value.get(\"message\")\n                        if not isinstance(message, str):\n                            value = message\n                            message = message.get(\"message\")\n                    else:\n                        message = value.get(\"message\", None)\n                except ValueError:\n                    pass\n    \n        exception_class: Type[WebDriverException]\n        e = ErrorCode()\n        error_codes = [item for item in dir(e) if not item.startswith(\"__\")]\n        for error_code in error_codes:\n            error_info = getattr(ErrorCode, error_code)\n            if isinstance(error_info, list) and status in error_info:\n                exception_class = getattr(ExceptionMapping, error_code, WebDriverException)\n                break\n        else:\n            exception_class = WebDriverException\n    \n        if not value:\n            value = response[\"value\"]\n        if isinstance(value, str):\n            raise exception_class(value)\n        if message == \"\" and \"message\" in value:\n            message = value[\"message\"]\n    \n        screen = None  # type: ignore[assignment]\n        if \"screen\" in value:\n            screen = value[\"screen\"]\n    \n        stacktrace = None\n        st_value = value.get(\"stackTrace\") or value.get(\"stacktrace\")\n        if st_value:\n            if isinstance(st_value, str):\n                stacktrace = st_value.split(\"\\n\")\n            else:\n                stacktrace = []\n                try:\n                    for frame in st_value:\n                        line = frame.get(\"lineNumber\", \"\")\n                        file = frame.get(\"fileName\", \"<anonymous>\")\n                        if line:\n                            file = f\"{file}:{line}\"\n                        meth = frame.get(\"methodName\", \"<anonymous>\")\n                        if \"className\" in frame:\n                            meth = f\"{frame['className']}.{meth}\"\n                        msg = \"    at %s (%s)\"\n                        msg = msg % (meth, file)\n                        stacktrace.append(msg)\n                except TypeError:\n                    pass\n        if exception_class == UnexpectedAlertPresentException:\n            alert_text = None\n            if \"data\" in value:\n                alert_text = value[\"data\"].get(\"text\")\n            elif \"alert\" in value:\n                alert_text = value[\"alert\"].get(\"text\")\n            raise exception_class(message, screen, stacktrace, alert_text)  # type: ignore[call-arg]  # mypy is not smart enough here\n>       raise exception_class(message, screen, stacktrace)\nE       selenium.common.exceptions.SessionNotCreatedException: Message: session not created: Chrome failed to start: exited normally.\nE         (session not created: DevToolsActivePort file doesn't exist)\nE         (The process started from chrome location /usr/bin/google-chrome is no longer running, so ChromeDriver is assuming that Chrome has crashed.)\nE       Stacktrace:\nE       #0 0x55c20265d863 <unknown>\nE       #1 0x55c2023538c6 <unknown>\nE       #2 0x55c202387d34 <unknown>\nE       #3 0x55c202383d3d <unknown>\nE       #4 0x55c2023ccaed <unknown>\nE       #5 0x55c2023c0343 <unknown>\nE       #6 0x55c202391593 <unknown>\nE       #7 0x55c202391f5e <unknown>\nE       #8 0x55c20262184b <unknown>\nE       #9 0x55c2026257a5 <unknown>\nE       #10 0x55c20260f571 <unknown>\nE       #11 0x55c202626332 <unknown>\nE       #12 0x55c2025f487f <unknown>\nE       #13 0x55c20264c728 <unknown>\nE       #14 0x55c20264c8fb <unknown>\nE       #15 0x55c20265c9b4 <unknown>\nE       #16 0x7f0afce94ac3 <unknown>\n\n/opt/hostedtoolcache/Python/3.12.3/x64/lib/python3.12/site-packages/selenium/webdriver/remote/errorhandler.py:229: SessionNotCreatedException","flaky":false,"newFailed":false,"newBroken":false,"newPassed":false,"retriesCount":0,"retriesStatusChange":false,"beforeStages":[{"name":"browser_management","time":{"start":1713529392208,"stop":1713529392208,"duration":0},"status":"passed","steps":[],"attachments":[],"parameters":[],"shouldDisplayMessage":false,"stepsCount":0,"attachmentsCount":0,"hasContent":false,"attachmentStep":false}],"afterStages":[{"name":"browser_management::0","time":{"start":1713529392442,"stop":1713529392618,"duration":176},"status":"broken","statusMessage":"selenium.common.exceptions.SessionNotCreatedException: Message: session not created: Chrome failed to start: exited normally.\n  (session not created: DevToolsActivePort file doesn't exist)\n  (The process started from chrome location /usr/bin/google-chrome is no longer running, so ChromeDriver is assuming that Chrome has crashed.)\nStacktrace:\n#0 0x557910e86863 <unknown>\n#1 0x557910b7c8c6 <unknown>\n#2 0x557910bb0d34 <unknown>\n#3 0x557910bacd3d <unknown>\n#4 0x557910bf5aed <unknown>\n#5 0x557910be9343 <unknown>\n#6 0x557910bba593 <unknown>\n#7 0x557910bbaf5e <unknown>\n#8 0x557910e4a84b <unknown>\n#9 0x557910e4e7a5 <unknown>\n#10 0x557910e38571 <unknown>\n#11 0x557910e4f332 <unknown>\n#12 0x557910e1d87f <unknown>\n#13 0x557910e75728 <unknown>\n#14 0x557910e758fb <unknown>\n#15 0x557910e859b4 <unknown>\n#16 0x7ff7a6494ac3 <unknown>\n\n","statusTrace":"  File \"/opt/hostedtoolcache/Python/3.12.3/x64/lib/python3.12/site-packages/allure_commons/_allure.py\", line 221, in __call__\n    return self._fixture_function(*args, **kwargs)\n           ^^^^^^^^^^^^^^^^^^^^^^^^^^^^^^^^^^^^^^^\n  File \"/opt/hostedtoolcache/Python/3.12.3/x64/lib/python3.12/site-packages/_pytest/fixtures.py\", line 922, in _teardown_yield_fixture\n    next(it)\n  File \"/home/runner/work/qa_guru_python_12_lesson_10/qa_guru_python_12_lesson_10/tests/conftest.py\", line 13, in browser_management\n    browser.quit()\n  File \"/opt/hostedtoolcache/Python/3.12.3/x64/lib/python3.12/site-packages/selene/core/_browser.py\", line 143, in quit\n    self.driver.quit()\n    ^^^^^^^^^^^\n  File \"/opt/hostedtoolcache/Python/3.12.3/x64/lib/python3.12/site-packages/selene/core/_browser.py\", line 34, in driver\n    return self.config.driver\n           ^^^^^^^^^^^^^^^^^^\n  File \"/opt/hostedtoolcache/Python/3.12.3/x64/lib/python3.12/site-packages/selene/core/configuration.py\", line 305, in __get__\n    driver = config.build_driver_strategy(config)\n             ^^^^^^^^^^^^^^^^^^^^^^^^^^^^^^^^^^^^\n  File \"/opt/hostedtoolcache/Python/3.12.3/x64/lib/python3.12/site-packages/selene/core/configuration.py\", line 129, in _build_local_driver_by_name_or_remote_by_url_and_options\n    return {  # type: ignore\n           ^^^^^^^^^^^^^^^^^\n  File \"/opt/hostedtoolcache/Python/3.12.3/x64/lib/python3.12/site-packages/selene/core/configuration.py\", line 66, in build_chrome\n    return Chrome(\n           ^^^^^^^\n  File \"/opt/hostedtoolcache/Python/3.12.3/x64/lib/python3.12/site-packages/selenium/webdriver/chrome/webdriver.py\", line 45, in __init__\n    super().__init__(\n  File \"/opt/hostedtoolcache/Python/3.12.3/x64/lib/python3.12/site-packages/selenium/webdriver/chromium/webdriver.py\", line 61, in __init__\n    super().__init__(command_executor=executor, options=options)\n  File \"/opt/hostedtoolcache/Python/3.12.3/x64/lib/python3.12/site-packages/selenium/webdriver/remote/webdriver.py\", line 208, in __init__\n    self.start_session(capabilities)\n  File \"/opt/hostedtoolcache/Python/3.12.3/x64/lib/python3.12/site-packages/selenium/webdriver/remote/webdriver.py\", line 292, in start_session\n    response = self.execute(Command.NEW_SESSION, caps)[\"value\"]\n               ^^^^^^^^^^^^^^^^^^^^^^^^^^^^^^^^^^^^^^^\n  File \"/opt/hostedtoolcache/Python/3.12.3/x64/lib/python3.12/site-packages/selenium/webdriver/remote/webdriver.py\", line 347, in execute\n    self.error_handler.check_response(response)\n  File \"/opt/hostedtoolcache/Python/3.12.3/x64/lib/python3.12/site-packages/selenium/webdriver/remote/errorhandler.py\", line 229, in check_response\n    raise exception_class(message, screen, stacktrace)\n","steps":[],"attachments":[],"parameters":[],"shouldDisplayMessage":true,"stepsCount":0,"attachmentsCount":0,"hasContent":true,"attachmentStep":false}],"labels":[{"name":"parentSuite","value":"tests"},{"name":"suite","value":"test_selene"},{"name":"host","value":"fv-az585-611"},{"name":"thread","value":"2330-MainThread"},{"name":"framework","value":"pytest"},{"name":"language","value":"cpython3"},{"name":"package","value":"tests.test_selene"},{"name":"resultFormat","value":"allure2"}],"parameters":[],"links":[],"hidden":false,"retry":false,"extra":{"severity":"normal","retries":[],"categories":[{"name":"Test defects","matchedStatuses":[],"flaky":false}],"history":{"statistic":{"failed":0,"broken":2,"skipped":0,"passed":0,"unknown":0,"total":2},"items":[{"uid":"cbc4aaf61209fb03","reportUrl":"https://adamsnata.github.io/qa_guru_python_12_lesson_10/6//#testresult/cbc4aaf61209fb03","status":"broken","statusDetails":"selenium.common.exceptions.SessionNotCreatedException: Message: session not created: Chrome failed to start: exited normally.\n  (session not created: DevToolsActivePort file doesn't exist)\n  (The process started from chrome location /usr/bin/google-chrome is no longer running, so ChromeDriver is assuming that Chrome has crashed.)\nStacktrace:\n#0 0x555703b04863 <unknown>\n#1 0x5557037fa8c6 <unknown>\n#2 0x55570382ed34 <unknown>\n#3 0x55570382ad3d <unknown>\n#4 0x555703873aed <unknown>\n#5 0x555703867343 <unknown>\n#6 0x555703838593 <unknown>\n#7 0x555703838f5e <unknown>\n#8 0x555703ac884b <unknown>\n#9 0x555703acc7a5 <unknown>\n#10 0x555703ab6571 <unknown>\n#11 0x555703acd332 <unknown>\n#12 0x555703a9b87f <unknown>\n#13 0x555703af3728 <unknown>\n#14 0x555703af38fb <unknown>\n#15 0x555703b039b4 <unknown>\n#16 0x7f596b894ac3 <unknown>","time":{"start":1713529143470,"stop":1713529143648,"duration":178}}]},"tags":[]},"source":"3535ae59821f20b5.json","parameterValues":[]}